<?xml version="1.0" encoding="UTF-8"?>
<!-- Generated by org.testng.reporters.JUnitReportReporter -->
<testsuite hostname="Lohith" failures="0" tests="1" name="smokeregression.copy.test4" time="9.700" errors="0" timestamp="2022-05-20T08:58:14 IST" skipped="0">
  <testcase classname="smokeregression.copy.test4" name="testCase" time="9.700"/>
  <system-out>
    <![CDATA[testing the loginpage]]>
  </system-out>
</testsuite> <!-- smokeregression.copy.test4 -->
