<?xml version="1.0" encoding="UTF-8"?>
<!-- Generated by org.testng.reporters.JUnitReportReporter -->
<testsuite hostname="Lohith" failures="0" tests="4" name="testng.Priority" time="0.032" errors="0" timestamp="2022-05-19T08:38:06 IST" skipped="2">
  <testcase classname="testng.Priority" name="whatsUpstatus" time="0.023"/>
  <system-out>
    <![CDATA[whats up status]]>
  </system-out>
  <testcase classname="testng.Priority" name="whatsUpcall" time="0.009"/>
  <system-out>
    <![CDATA[whats up calling]]>
  </system-out>
  <testcase classname="testng.Priority" name="whatsPhonepay">
    <skipped/>
  </testcase> <!-- whatsPhonepay -->
  <system-out/>
  <testcase classname="testng.Priority" name="whatsUpmessage">
    <skipped/>
  </testcase> <!-- whatsUpmessage -->
  <system-out/>
</testsuite> <!-- testng.Priority -->
