<?xml version="1.0" encoding="UTF-8"?>
<!-- Generated by org.testng.reporters.JUnitReportReporter -->
<testsuite hostname="Lohith" failures="0" tests="3" name="parallel.copy.test4" time="37.791" errors="0" timestamp="2022-05-20T09:18:13 IST" skipped="0">
  <testcase classname="parallel.copy.test4" name="testCase" time="10.017"/>
  <system-out>
    <![CDATA[testing the loginpage]]>
  </system-out>
  <testcase classname="parallel.copy.test4" name="testCase" time="10.283"/>
  <system-out>
    <![CDATA[testing the loginpage]]>
  </system-out>
  <testcase classname="parallel.copy.test4" name="testCase" time="17.491"/>
  <system-out>
    <![CDATA[testing the loginpage]]>
  </system-out>
</testsuite> <!-- parallel.copy.test4 -->
