<?xml version="1.0" encoding="UTF-8"?>
<!-- Generated by org.testng.reporters.JUnitReportReporter -->
<testsuite hostname="Lohith" failures="0" tests="1" name="smokeregression.copy.test3" time="8.115" errors="0" timestamp="2022-05-20T08:58:14 IST" skipped="0">
  <testcase classname="smokeregression.copy.test3" name="testCase" time="8.115"/>
  <system-out>
    <![CDATA[testing the loginpage]]>
  </system-out>
</testsuite> <!-- smokeregression.copy.test3 -->
