<?xml version="1.0" encoding="UTF-8"?>
<!-- Generated by org.testng.reporters.JUnitReportReporter -->
<testsuite hostname="Lohith" failures="0" tests="1" name="regression.test3" time="15.028" errors="0" timestamp="2022-05-20T08:39:19 IST" skipped="0">
  <testcase classname="regression.test3" name="testCase" time="15.028"/>
  <system-out>
    <![CDATA[testing the loginpage]]>
  </system-out>
</testsuite> <!-- regression.test3 -->
