<?xml version="1.0" encoding="UTF-8"?>
<!-- Generated by org.testng.reporters.JUnitReportReporter -->
<testsuite hostname="Lohith" failures="0" tests="1" name="testng.test1" time="0.032" errors="0" timestamp="2022-05-19T08:18:34 IST" skipped="0">
  <testcase classname="testng.test1" name="demo" time="0.032"/>
  <system-out>
    <![CDATA[hellow
welcome]]>
  </system-out>
</testsuite> <!-- testng.test1 -->
