<?xml version="1.0" encoding="UTF-8"?>
<!-- Generated by org.testng.reporters.JUnitReportReporter -->
<testsuite hostname="Lohith" failures="0" tests="1" name="testng.AssetionHard" time="15.392" errors="0" timestamp="2022-05-20T08:27:08 IST" skipped="0">
  <testcase classname="testng.AssetionHard" name="testCase" time="15.392"/>
  <system-out>
    <![CDATA[testing the loginpage
the title is===SkillRary Courses]]>
  </system-out>
</testsuite> <!-- testng.AssetionHard -->
