<?xml version="1.0" encoding="UTF-8"?>
<!-- Generated by org.testng.reporters.JUnitReportReporter -->
<testsuite hostname="Lohith" failures="0" tests="1" name="testng.test3" time="10.714" errors="0" timestamp="2022-05-19T09:12:29 IST" skipped="0">
  <testcase classname="testng.test3" name="testCase" time="10.714"/>
  <system-out>
    <![CDATA[testing the loginpage]]>
  </system-out>
</testsuite> <!-- testng.test3 -->
