<?xml version="1.0" encoding="UTF-8"?>
<!-- Generated by org.testng.reporters.JUnitReportReporter -->
<testsuite hostname="Lohith" failures="0" tests="1" name="testng.test2" time="0.019" errors="0" timestamp="2022-05-19T08:22:52 IST" skipped="0">
  <testcase classname="testng.test2" name="demo2" time="0.019"/>
  <system-out>
    <![CDATA[hi
welcome]]>
  </system-out>
</testsuite> <!-- testng.test2 -->
