<?xml version="1.0" encoding="UTF-8"?>
<!-- Generated by org.testng.reporters.JUnitReportReporter -->
<testsuite hostname="Lohith" failures="0" tests="1" name="smoke.copy.test3" time="14.554" errors="0" timestamp="2022-05-20T08:50:18 IST" skipped="0">
  <testcase classname="smoke.copy.test3" name="testCase" time="14.554"/>
  <system-out>
    <![CDATA[testing the loginpage]]>
  </system-out>
</testsuite> <!-- smoke.copy.test3 -->
