<?xml version="1.0" encoding="UTF-8"?>
<!-- Generated by org.testng.reporters.JUnitReportReporter -->
<testsuite hostname="Lohith" failures="0" tests="1" name="testng.test5" time="11.671" errors="0" timestamp="2022-05-19T09:14:34 IST" skipped="0">
  <testcase classname="testng.test5" name="testCase" time="11.671"/>
  <system-out>
    <![CDATA[testing the loginpage]]>
  </system-out>
</testsuite> <!-- testng.test5 -->
